<?xml version="1.0" encoding="UTF-8"?>
<testsuite xmlns:xsi="http://www.w3.org/2001/XMLSchema-instance" xsi:noNamespaceSchemaLocation="https://maven.apache.org/surefire/maven-surefire-plugin/xsd/surefire-test-report-3.0.xsd" version="3.0" name="com.app.test.AccountServiceTest" time="0.174" tests="4" errors="0" skipped="0" failures="0">
  <properties>
[...]
</properties>
  <testcase name="testDebit" classname="com.app.test.AccountServiceTest" time="0.098"/>
  <testcase name="testGetBalance" classname="com.app.test.AccountServiceTest" time="0.002"/>
  <testcase name="testAccountExists" classname="com.app.test.AccountServiceTest" time="0.001"/>
  <testcase name="testCredit" classname="com.app.test.AccountServiceTest" time="0.002"/>
</testsuite>